<?xml version="1.0" encoding="UTF-8"?>
<!-- Generated by org.testng.reporters.JUnitReportReporter -->
<testsuite hostname="LAPTOP-4EMD6M3P" failures="0" tests="2" name="Alerts.alertsEx" time="10.680" errors="0" timestamp="2023-04-07T10:06:45 IST" skipped="0">
  <testcase classname="Alerts.alertsEx" name="alerts" time="4.627"/>
  <system-out/>
  <testcase classname="Alerts.alertsEx" name="alerts" time="6.053"/>
  <system-out/>
</testsuite> <!-- Alerts.alertsEx -->
