<?xml version="1.0" encoding="UTF-8"?>
<!-- Generated by org.testng.reporters.JUnitReportReporter -->
<testsuite hostname="LAPTOP-4EMD6M3P" failures="0" tests="1" name="BrowserLaunch.Chrome" time="32.187" errors="0" timestamp="2023-04-07T11:45:49 IST" skipped="0">
  <testcase classname="BrowserLaunch.Chrome" name="openingbrowser" time="32.187"/>
  <system-out/>
</testsuite> <!-- BrowserLaunch.Chrome -->
