<?xml version="1.0" encoding="UTF-8"?>
<!-- Generated by org.testng.reporters.JUnitReportReporter -->
<testsuite hostname="LAPTOP-4EMD6M3P" failures="0" tests="5" name="Annotations" time="0.010" errors="0" timestamp="2023-04-06T15:09:58 IST" skipped="0">
  <testcase classname="Annotations" name="TestCase2" time="0.001"/>
  <system-out/>
  <testcase classname="Annotations" name="TestCase4" time="0.002"/>
  <system-out/>
  <testcase classname="Annotations" name="TestCase3" time="0.002"/>
  <system-out/>
  <testcase classname="Annotations" name="TestCase1" time="0.004"/>
  <system-out/>
  <testcase classname="Annotations" name="TestCase5" time="0.001"/>
  <system-out/>
</testsuite> <!-- Annotations -->
