<?xml version="1.0" encoding="UTF-8"?>
<!-- Generated by org.testng.reporters.JUnitReportReporter -->
<testsuite hostname="LAPTOP-4EMD6M3P" failures="0" tests="2" name="JavaScript.ScriptEx" time="23.629" errors="0" timestamp="2023-04-07T10:06:45 IST" skipped="0">
  <testcase classname="JavaScript.ScriptEx" name="Script" time="10.085"/>
  <system-out/>
  <testcase classname="JavaScript.ScriptEx" name="Script" time="13.544"/>
  <system-out/>
</testsuite> <!-- JavaScript.ScriptEx -->
