<?xml version="1.0" encoding="UTF-8"?>
<!-- Generated by org.testng.reporters.JUnitReportReporter -->
<testsuite hostname="LAPTOP-4EMD6M3P" failures="0" tests="1" name="demo" time="4.083" errors="0" timestamp="2023-04-07T09:50:23 IST" skipped="0">
  <testcase classname="demo" name="gotourl" time="4.083"/>
  <system-out/>
</testsuite> <!-- demo -->
