<?xml version="1.0" encoding="UTF-8"?>
<!-- Generated by org.testng.reporters.JUnitReportReporter -->
<testsuite hostname="LAPTOP-4EMD6M3P" failures="0" tests="2" name="JavaScript.SliderEx" time="18.632" errors="0" timestamp="2023-04-07T10:06:45 IST" skipped="0">
  <testcase classname="JavaScript.SliderEx" name="slider" time="10.041"/>
  <system-out/>
  <testcase classname="JavaScript.SliderEx" name="slider" time="8.591"/>
  <system-out/>
</testsuite> <!-- JavaScript.SliderEx -->
